<?xml version="1.0" encoding="utf-8" standalone="no"?>
<!--This file represents the results of running a test suite-->
<test-results name="C:\_APPLICATION\GOOGLE_\TIMESERVICES\Instinct.TimeServices.Fixture\Instinct.TimeServices.Fixture.nunit" total="8" failures="3" not-run="0" date="2009-09-28" time="20:13:01">
  <environment nunit-version="2.4.8.0" clr-version="2.0.50727.4918" os-version="Microsoft Windows NT 6.1.7127.0" platform="Win32NT" cwd="C:\_APPLICATION\GOOGLE_\TIMESERVICES\Instinct.TimeServices.Fixture" machine-name="DEGW" user="Moreys" user-domain="DEGW" />
  <culture-info current-culture="en-US" current-uiculture="en-US" />
  <test-suite name="C:\_APPLICATION\GOOGLE_\TIMESERVICES\Instinct.TimeServices.Fixture\Instinct.TimeServices.Fixture.nunit" success="False" time="0.265" asserts="0">
    <results>
      <test-suite name="C:\_APPLICATION\GOOGLE_\TIMESERVICES\Instinct.TimeServices.Fixture\bin\Debug\Instinct.TimeServices.Fixture.dll" success="False" time="0.250" asserts="0">
        <results>
          <test-suite name="Instinct" success="False" time="0.250" asserts="0">
            <results>
              <test-suite name="Time" success="False" time="0.250" asserts="0">
                <results>
                  <test-suite name="TimeEngineFixture" success="False" time="0.218" asserts="0">
                    <results>
                      <test-case name="Instinct.Time.TimeEngineFixture.AddFutureItemTestExecute" executed="True" success="False" time="0.109" asserts="1">
                        <categories>
                          <category name="FrameTest" />
                        </categories>
                        <failure>
                          <message><![CDATA[  Expected: 1
  But was:  0
]]></message>
                          <stack-trace><![CDATA[at Instinct.Time.TimeEngineFixture.AddFutureItemTestExecute() in C:\_APPLICATION\GOOGLE_\TIMESERVICES\Instinct.TimeServices.Fixture\Time\TimeEngineFixture.cs:line 70
]]></stack-trace>
                        </failure>
                      </test-case>
                      <test-case name="Instinct.Time.TimeEngineFixture.AddItemTestExecute" executed="True" success="False" time="0.000" asserts="1">
                        <categories>
                          <category name="FrameTest" />
                        </categories>
                        <failure>
                          <message><![CDATA[  Expected: 1
  But was:  0
]]></message>
                          <stack-trace><![CDATA[at Instinct.Time.TimeEngineFixture.AddItemTestExecute() in C:\_APPLICATION\GOOGLE_\TIMESERVICES\Instinct.TimeServices.Fixture\Time\TimeEngineFixture.cs:line 43
]]></stack-trace>
                        </failure>
                      </test-case>
                      <test-case name="Instinct.Time.TimeEngineFixture.AddItemTestMultipleExecute" executed="True" success="False" time="0.016" asserts="1">
                        <categories>
                          <category name="FrameTest" />
                        </categories>
                        <failure>
                          <message><![CDATA[  Expected: greater than or equal to 2
  But was:  0
]]></message>
                          <stack-trace><![CDATA[at Instinct.Time.TimeEngineFixture.AddItemTestMultipleExecute() in C:\_APPLICATION\GOOGLE_\TIMESERVICES\Instinct.TimeServices.Fixture\Time\TimeEngineFixture.cs:line 101
]]></stack-trace>
                        </failure>
                      </test-case>
                      <test-case name="Instinct.Time.TimeEngineFixture.AddValueHalfTime" executed="True" success="True" time="0.016" asserts="4">
                        <categories>
                          <category name="Add" />
                        </categories>
                      </test-case>
                      <test-case name="Instinct.Time.TimeEngineFixture.AddValueHibernateTime" executed="True" success="True" time="0.016" asserts="5">
                        <categories>
                          <category name="Add" />
                        </categories>
                      </test-case>
                      <test-case name="Instinct.Time.TimeEngineFixture.AddValueWholeTime" executed="True" success="True" time="0.000" asserts="4">
                        <categories>
                          <category name="Add" />
                        </categories>
                      </test-case>
                      <test-case name="Instinct.Time.TimeEngineFixture.AddValueZero" executed="True" success="True" time="0.000" asserts="4">
                        <categories>
                          <category name="Add" />
                        </categories>
                      </test-case>
                      <test-case name="Instinct.Time.TimeEngineFixture.CreateInstance" executed="True" success="True" time="0.000" asserts="0" />
                    </results>
                  </test-suite>
                </results>
              </test-suite>
            </results>
          </test-suite>
        </results>
      </test-suite>
    </results>
  </test-suite>
</test-results>